-------------------------------------------------------------------------------
Test set: hello.ContractRestClientApplicationTest
-------------------------------------------------------------------------------
Tests run: 1, Failures: 1, Errors: 0, Skipped: 0, Time elapsed: 3.935 s <<< FAILURE! - in hello.ContractRestClientApplicationTest
get_person_from_service_contract  Time elapsed: 1.748 s  <<< FAILURE!
org.opentest4j.AssertionFailedError: 

Expecting:
 <"outro nome">
to be equal to:
 <"outro nome versÃ£o 3">
but was not.
	at hello.ContractRestClientApplicationTest.get_person_from_service_contract(ContractRestClientApplicationTest.java:33)

